<?xml version="1.0" encoding="utf-8"?><testsuites name="pytest tests"><testsuite name="pytest" errors="0" failures="1" skipped="0" tests="22" time="3.836" timestamp="2026-05-03T08:52:34.634229+00:00" hostname="agent-env-cea6d2b0-0026-4d5a-9d2c-b4a046454ba7"><testcase classname="backend.tests.test_connect_api.TestHealth" name="test_root" time="1.390" /><testcase classname="backend.tests.test_connect_api.TestAuth" name="test_login_success" time="0.299" /><testcase classname="backend.tests.test_connect_api.TestAuth" name="test_login_wrong_password" time="0.271" /><testcase classname="backend.tests.test_connect_api.TestAuth" name="test_me_with_token" time="0.047" /><testcase classname="backend.tests.test_connect_api.TestAuth" name="test_me_without_token_rejects" time="0.044" /><testcase classname="backend.tests.test_connect_api.TestAuth" name="test_register_new_user" time="0.341" /><testcase classname="backend.tests.test_connect_api.TestAuth" name="test_register_duplicate_rejected" time="0.057"><failure message="assert 422 == 400&#10; +  where 422 = &lt;Response [422]&gt;.status_code">backend/tests/test_connect_api.py:71: in test_register_duplicate_rejected
    assert r.status_code == 400
E   assert 422 == 400
E    +  where 422 = &lt;Response [422]&gt;.status_code</failure></testcase><testcase classname="backend.tests.test_connect_api.TestUsers" name="test_list_users_authed" time="0.051" /><testcase classname="backend.tests.test_connect_api.TestUsers" name="test_list_users_unauthed" time="0.044" /><testcase classname="backend.tests.test_connect_api.TestChats" name="test_list_chats_seeded" time="0.047" /><testcase classname="backend.tests.test_connect_api.TestChats" name="test_chats_unauthed" time="0.043" /><testcase classname="backend.tests.test_connect_api.TestChats" name="test_create_chat_idempotent" time="0.139" /><testcase classname="backend.tests.test_connect_api.TestChats" name="test_create_chat_self_rejected" time="0.044" /><testcase classname="backend.tests.test_connect_api.TestMessages" name="test_list_messages" time="0.096" /><testcase classname="backend.tests.test_connect_api.TestMessages" name="test_send_text_message" time="0.141" /><testcase classname="backend.tests.test_connect_api.TestMessages" name="test_send_voice_message" time="0.095" /><testcase classname="backend.tests.test_connect_api.TestMessages" name="test_messages_unauthed" time="0.091" /><testcase classname="backend.tests.test_connect_api.TestFiles" name="test_list_files_returns_seeded" time="0.046" /><testcase classname="backend.tests.test_connect_api.TestFiles" name="test_files_unauthed" time="0.058" /><testcase classname="backend.tests.test_connect_api.TestCalls" name="test_list_calls_seeded" time="0.046" /><testcase classname="backend.tests.test_connect_api.TestCalls" name="test_create_call" time="0.124" /><testcase classname="backend.tests.test_connect_api.TestCalls" name="test_calls_unauthed" time="0.053" /></testsuite></testsuites>