<?xml version="1.0" encoding="utf-8"?><testsuites name="pytest tests"><testsuite name="pytest" errors="0" failures="0" skipped="0" tests="40" time="4.734" timestamp="2026-05-03T19:36:30.187255+00:00" hostname="agent-env-cea6d2b0-0026-4d5a-9d2c-b4a046454ba7"><testcase classname="backend.tests.test_connect_api.TestHealth" name="test_root" time="0.150" /><testcase classname="backend.tests.test_connect_api.TestAuth" name="test_login_success" time="0.275" /><testcase classname="backend.tests.test_connect_api.TestAuth" name="test_login_wrong_password" time="0.270" /><testcase classname="backend.tests.test_connect_api.TestAuth" name="test_me_with_token" time="0.053" /><testcase classname="backend.tests.test_connect_api.TestAuth" name="test_me_without_token_rejects" time="0.049" /><testcase classname="backend.tests.test_connect_api.TestAuth" name="test_register_new_user" time="0.330" /><testcase classname="backend.tests.test_connect_api.TestAuth" name="test_register_duplicate_rejected" time="0.076" /><testcase classname="backend.tests.test_connect_api.TestUsers" name="test_list_users_authed" time="0.052" /><testcase classname="backend.tests.test_connect_api.TestUsers" name="test_list_users_unauthed" time="0.045" /><testcase classname="backend.tests.test_connect_api.TestChats" name="test_list_chats_seeded" time="0.057" /><testcase classname="backend.tests.test_connect_api.TestChats" name="test_chats_unauthed" time="0.063" /><testcase classname="backend.tests.test_connect_api.TestChats" name="test_create_chat_idempotent" time="0.150" /><testcase classname="backend.tests.test_connect_api.TestChats" name="test_create_chat_self_rejected" time="0.048" /><testcase classname="backend.tests.test_connect_api.TestMessages" name="test_list_messages" time="0.105" /><testcase classname="backend.tests.test_connect_api.TestMessages" name="test_send_text_message" time="0.152" /><testcase classname="backend.tests.test_connect_api.TestMessages" name="test_send_voice_message" time="0.100" /><testcase classname="backend.tests.test_connect_api.TestMessages" name="test_messages_unauthed" time="0.100" /><testcase classname="backend.tests.test_connect_api.TestFiles" name="test_list_files_returns_seeded" time="0.051" /><testcase classname="backend.tests.test_connect_api.TestFiles" name="test_files_unauthed" time="0.046" /><testcase classname="backend.tests.test_connect_api.TestCalls" name="test_list_calls_seeded" time="0.050" /><testcase classname="backend.tests.test_connect_api.TestCalls" name="test_create_call" time="0.096" /><testcase classname="backend.tests.test_connect_api.TestCalls" name="test_calls_unauthed" time="0.047" /><testcase classname="backend.tests.test_spaces_api.TestAudioLibrary" name="test_library_has_4_curated_tracks" time="0.394" /><testcase classname="backend.tests.test_spaces_api.TestAudioLibrary" name="test_library_requires_auth" time="0.053" /><testcase classname="backend.tests.test_spaces_api.TestSpaceCRUD" name="test_create_space" time="0.331" /><testcase classname="backend.tests.test_spaces_api.TestSpaceCRUD" name="test_list_spaces" time="0.053" /><testcase classname="backend.tests.test_spaces_api.TestSpaceCRUD" name="test_get_space_with_member_users" time="0.055" /><testcase classname="backend.tests.test_spaces_api.TestSpaceCRUD" name="test_get_space_not_found" time="0.052" /><testcase classname="backend.tests.test_spaces_api.TestSpaceContent" name="test_set_youtube_content" time="0.128" /><testcase classname="backend.tests.test_spaces_api.TestSpaceContent" name="test_set_youtube_invalid_url" time="0.056" /><testcase classname="backend.tests.test_spaces_api.TestSpaceContent" name="test_set_audio_content" time="0.116" /><testcase classname="backend.tests.test_spaces_api.TestSpaceContent" name="test_set_audio_unknown_track" time="0.055" /><testcase classname="backend.tests.test_spaces_api.TestSpaceState" name="test_update_state_sets_host" time="0.109" /><testcase classname="backend.tests.test_spaces_api.TestSpaceMessages" name="test_send_and_list" time="0.111" /><testcase classname="backend.tests.test_spaces_api.TestSpaceMessages" name="test_empty_text_rejected" time="0.051" /><testcase classname="backend.tests.test_spaces_api.TestReactions" name="test_send_reaction" time="0.051" /><testcase classname="backend.tests.test_spaces_api.TestSpaceInviteMessage" name="test_space_invite_message" time="0.111" /><testcase classname="backend.tests.test_spaces_api.TestSpaceLeave" name="test_leave" time="0.054" /><testcase classname="backend.tests.test_spaces_api" name="test_ws_connect_snapshot_and_presence" time="0.356" /><testcase classname="backend.tests.test_spaces_api" name="test_ws_invalid_token_rejected" time="0.146" /></testsuite></testsuites>