<?xml version="1.0" encoding="utf-8"?><testsuites name="pytest tests"><testsuite name="pytest" errors="0" failures="0" skipped="0" tests="53" time="6.431" timestamp="2026-07-16T06:30:21.078224+00:00" hostname="agent-env-cea6d2b0-0026-4d5a-9d2c-b4a046454ba7"><testcase classname="backend.tests.test_connect_api.TestHealth" name="test_root" time="0.154" /><testcase classname="backend.tests.test_connect_api.TestAuth" name="test_login_success" time="0.266" /><testcase classname="backend.tests.test_connect_api.TestAuth" name="test_login_wrong_password" time="0.265" /><testcase classname="backend.tests.test_connect_api.TestAuth" name="test_me_with_token" time="0.044" /><testcase classname="backend.tests.test_connect_api.TestAuth" name="test_me_without_token_rejects" time="0.046" /><testcase classname="backend.tests.test_connect_api.TestAuth" name="test_register_new_user" time="0.314" /><testcase classname="backend.tests.test_connect_api.TestAuth" name="test_register_duplicate_rejected" time="0.044" /><testcase classname="backend.tests.test_connect_api.TestUsers" name="test_list_users_authed" time="0.044" /><testcase classname="backend.tests.test_connect_api.TestUsers" name="test_list_users_unauthed" time="0.042" /><testcase classname="backend.tests.test_connect_api.TestChats" name="test_list_chats_seeded" time="0.043" /><testcase classname="backend.tests.test_connect_api.TestChats" name="test_chats_unauthed" time="0.043" /><testcase classname="backend.tests.test_connect_api.TestChats" name="test_create_chat_idempotent" time="0.130" /><testcase classname="backend.tests.test_connect_api.TestChats" name="test_create_chat_self_rejected" time="0.043" /><testcase classname="backend.tests.test_connect_api.TestMessages" name="test_list_messages" time="0.142" /><testcase classname="backend.tests.test_connect_api.TestMessages" name="test_send_text_message" time="0.168" /><testcase classname="backend.tests.test_connect_api.TestMessages" name="test_send_voice_message" time="0.087" /><testcase classname="backend.tests.test_connect_api.TestMessages" name="test_messages_unauthed" time="0.091" /><testcase classname="backend.tests.test_connect_api.TestFiles" name="test_list_files_returns_seeded" time="0.072" /><testcase classname="backend.tests.test_connect_api.TestFiles" name="test_files_unauthed" time="0.045" /><testcase classname="backend.tests.test_connect_api.TestCalls" name="test_list_calls_seeded" time="0.052" /><testcase classname="backend.tests.test_connect_api.TestCalls" name="test_create_call" time="0.089" /><testcase classname="backend.tests.test_connect_api.TestCalls" name="test_calls_unauthed" time="0.042" /><testcase classname="backend.tests.test_phase21_uploads.TestAudioUploadsCRUD" name="test_upload_requires_auth" time="0.127" /><testcase classname="backend.tests.test_phase21_uploads.TestAudioUploadsCRUD" name="test_upload_rejects_non_data_url" time="0.306" /><testcase classname="backend.tests.test_phase21_uploads.TestAudioUploadsCRUD" name="test_upload_rejects_oversize" time="0.508" /><testcase classname="backend.tests.test_phase21_uploads.TestAudioUploadsCRUD" name="test_upload_create_returns_metadata_only" time="0.040" /><testcase classname="backend.tests.test_phase21_uploads.TestAudioUploadsCRUD" name="test_list_uploads_excludes_data_url" time="0.082" /><testcase classname="backend.tests.test_phase21_uploads.TestAudioUploadsCRUD" name="test_get_single_upload_returns_data_url" time="0.042" /><testcase classname="backend.tests.test_phase21_uploads.TestAudioUploadsCRUD" name="test_get_single_upload_404" time="0.040" /><testcase classname="backend.tests.test_phase21_uploads.TestSpaceContentFromUpload" name="test_create_space_and_set_upload_content" time="0.536" /><testcase classname="backend.tests.test_phase21_uploads.TestSpaceContentFromUpload" name="test_upload_id_wins_over_audio_id" time="0.081" /><testcase classname="backend.tests.test_phase21_uploads.TestSpaceContentFromUpload" name="test_curated_audio_id_still_works" time="0.040" /><testcase classname="backend.tests.test_phase21_uploads.TestSpaceContentFromUpload" name="test_unknown_upload_id_400" time="0.082" /><testcase classname="backend.tests.test_phase21_uploads.TestSpaceSessionsRegression" name="test_space_sessions_list" time="0.043" /><testcase classname="backend.tests.test_phase21_uploads.TestSpaceSessionsRegression" name="test_space_sessions_requires_auth" time="0.038" /><testcase classname="backend.tests.test_spaces_api.TestAudioLibrary" name="test_library_has_4_curated_tracks" time="0.361" /><testcase classname="backend.tests.test_spaces_api.TestAudioLibrary" name="test_library_requires_auth" time="0.044" /><testcase classname="backend.tests.test_spaces_api.TestSpaceCRUD" name="test_create_space" time="0.307" /><testcase classname="backend.tests.test_spaces_api.TestSpaceCRUD" name="test_list_spaces" time="0.043" /><testcase classname="backend.tests.test_spaces_api.TestSpaceCRUD" name="test_get_space_with_member_users" time="0.047" /><testcase classname="backend.tests.test_spaces_api.TestSpaceCRUD" name="test_get_space_not_found" time="0.043" /><testcase classname="backend.tests.test_spaces_api.TestSpaceContent" name="test_set_youtube_content" time="0.087" /><testcase classname="backend.tests.test_spaces_api.TestSpaceContent" name="test_set_youtube_invalid_url" time="0.058" /><testcase classname="backend.tests.test_spaces_api.TestSpaceContent" name="test_set_audio_content" time="0.091" /><testcase classname="backend.tests.test_spaces_api.TestSpaceContent" name="test_set_audio_unknown_track" time="0.043" /><testcase classname="backend.tests.test_spaces_api.TestSpaceState" name="test_update_state_sets_host" time="0.126" /><testcase classname="backend.tests.test_spaces_api.TestSpaceMessages" name="test_send_and_list" time="0.089" /><testcase classname="backend.tests.test_spaces_api.TestSpaceMessages" name="test_empty_text_rejected" time="0.042" /><testcase classname="backend.tests.test_spaces_api.TestReactions" name="test_send_reaction" time="0.042" /><testcase classname="backend.tests.test_spaces_api.TestSpaceInviteMessage" name="test_space_invite_message" time="0.090" /><testcase classname="backend.tests.test_spaces_api.TestSpaceLeave" name="test_leave" time="0.043" /><testcase classname="backend.tests.test_spaces_api" name="test_ws_connect_snapshot_and_presence" time="0.395" /><testcase classname="backend.tests.test_spaces_api" name="test_ws_invalid_token_rejected" time="0.159" /></testsuite></testsuites>