<?xml version="1.0" encoding="utf-8"?><testsuites name="pytest tests"><testsuite name="pytest" errors="0" failures="0" skipped="0" tests="13" time="2.109" timestamp="2026-07-16T06:30:12.109772+00:00" hostname="agent-env-cea6d2b0-0026-4d5a-9d2c-b4a046454ba7"><testcase classname="backend.tests.test_phase21_uploads.TestAudioUploadsCRUD" name="test_upload_requires_auth" time="0.251" /><testcase classname="backend.tests.test_phase21_uploads.TestAudioUploadsCRUD" name="test_upload_rejects_non_data_url" time="0.314" /><testcase classname="backend.tests.test_phase21_uploads.TestAudioUploadsCRUD" name="test_upload_rejects_oversize" time="0.518" /><testcase classname="backend.tests.test_phase21_uploads.TestAudioUploadsCRUD" name="test_upload_create_returns_metadata_only" time="0.043" /><testcase classname="backend.tests.test_phase21_uploads.TestAudioUploadsCRUD" name="test_list_uploads_excludes_data_url" time="0.043" /><testcase classname="backend.tests.test_phase21_uploads.TestAudioUploadsCRUD" name="test_get_single_upload_returns_data_url" time="0.044" /><testcase classname="backend.tests.test_phase21_uploads.TestAudioUploadsCRUD" name="test_get_single_upload_404" time="0.043" /><testcase classname="backend.tests.test_phase21_uploads.TestSpaceContentFromUpload" name="test_create_space_and_set_upload_content" time="0.439" /><testcase classname="backend.tests.test_phase21_uploads.TestSpaceContentFromUpload" name="test_upload_id_wins_over_audio_id" time="0.042" /><testcase classname="backend.tests.test_phase21_uploads.TestSpaceContentFromUpload" name="test_curated_audio_id_still_works" time="0.042" /><testcase classname="backend.tests.test_phase21_uploads.TestSpaceContentFromUpload" name="test_unknown_upload_id_400" time="0.045" /><testcase classname="backend.tests.test_phase21_uploads.TestSpaceSessionsRegression" name="test_space_sessions_list" time="0.045" /><testcase classname="backend.tests.test_phase21_uploads.TestSpaceSessionsRegression" name="test_space_sessions_requires_auth" time="0.042" /></testsuite></testsuites>